Using pre-set license
Built from '2022.3/staging' branch; Version is '2022.3.21f1 (bf09ca542b87) revision 12519882'; Using compiler version '192829333'; Build Type 'Release'
OS: 'Windows 11  (10.0.22631) 64bit Professional' Language: 'en' Physical Memory: 7870 MB
BatchMode: 1, IsHumanControllingUs: 0, StartBugReporterOnCrash: 0, Is64bit: 1, IsPro: 1

COMMAND LINE ARGUMENTS:
C:\Program Files\Unity 2022.3.21f1\Editor\Unity.exe
-adb2
-batchMode
-noUpm
-name
AssetImportWorker0
-projectPath
C:/Users/CSE/FlappyBird2D
-logFile
Logs/AssetImportWorker0.log
-srvPort
52936
Successfully changed project path to: C:/Users/CSE/FlappyBird2D
C:/Users/CSE/FlappyBird2D
[UnityMemory] Configuration Parameters - Can be set up in boot.config
    "memorysetup-bucket-allocator-granularity=16"
    "memorysetup-bucket-allocator-bucket-count=8"
    "memorysetup-bucket-allocator-block-size=33554432"
    "memorysetup-bucket-allocator-block-count=8"
    "memorysetup-main-allocator-block-size=16777216"
    "memorysetup-thread-allocator-block-size=16777216"
    "memorysetup-gfx-main-allocator-block-size=16777216"
    "memorysetup-gfx-thread-allocator-block-size=16777216"
    "memorysetup-cache-allocator-block-size=4194304"
    "memorysetup-typetree-allocator-block-size=2097152"
    "memorysetup-profiler-bucket-allocator-granularity=16"
    "memorysetup-profiler-bucket-allocator-bucket-count=8"
    "memorysetup-profiler-bucket-allocator-block-size=33554432"
    "memorysetup-profiler-bucket-allocator-block-count=8"
    "memorysetup-profiler-allocator-block-size=16777216"
    "memorysetup-profiler-editor-allocator-block-size=1048576"
    "memorysetup-temp-allocator-size-main=16777216"
    "memorysetup-job-temp-allocator-block-size=2097152"
    "memorysetup-job-temp-allocator-block-size-background=1048576"
    "memorysetup-job-temp-allocator-reduction-small-platforms=262144"
    "memorysetup-allocator-temp-initial-block-size-main=262144"
    "memorysetup-allocator-temp-initial-block-size-worker=262144"
    "memorysetup-temp-allocator-size-background-worker=32768"
    "memorysetup-temp-allocator-size-job-worker=262144"
    "memorysetup-temp-allocator-size-preload-manager=33554432"
    "memorysetup-temp-allocator-size-nav-mesh-worker=65536"
    "memorysetup-temp-allocator-size-audio-worker=65536"
    "memorysetup-temp-allocator-size-cloud-worker=32768"
    "memorysetup-temp-allocator-size-gi-baking-worker=262144"
    "memorysetup-temp-allocator-size-gfx=262144"
Player connection [6756] Host "[IP] 192.168.7.19 [Port] 0 [Flags] 2 [Guid] 1817480528 [EditorId] 1817480528 [Version] 1048832 [Id] WindowsEditor(7,DESKTOP-ERO1H71) [Debug] 1 [PackageName] WindowsEditor [ProjectName] Editor" joined multi-casting on [225.0.0.222:54997]...

Player connection [6756] Host "[IP] 192.168.7.19 [Port] 0 [Flags] 2 [Guid] 1817480528 [EditorId] 1817480528 [Version] 1048832 [Id] WindowsEditor(7,DESKTOP-ERO1H71) [Debug] 1 [PackageName] WindowsEditor [ProjectName] Editor" joined alternative multi-casting on [225.0.0.222:34997]...

[Physics::Module] Initialized MultithreadedJobDispatcher with 11 workers.
Refreshing native plugins compatible for Editor in 6.99 ms, found 4 plugins.
Preloading 0 native plugins for Editor in 0.00 ms.
Initialize engine version: 2022.3.21f1 (bf09ca542b87)
[Subsystems] Discovering subsystems at path C:/Program Files/Unity 2022.3.21f1/Editor/Data/Resources/UnitySubsystems
[Subsystems] Discovering subsystems at path C:/Users/CSE/FlappyBird2D/Assets
GfxDevice: creating device client; threaded=0; jobified=0
Direct3D:
    Version:  Direct3D 11.0 [level 11.0]
    Renderer: NVIDIA GeForce GT 730 (ID=0xf02)
    Vendor:   NVIDIA
    VRAM:     4041 MB
    Driver:   23.21.13.8813
Initialize mono
Mono path[0] = 'C:/Program Files/Unity 2022.3.21f1/Editor/Data/Managed'
Mono path[1] = 'C:/Program Files/Unity 2022.3.21f1/Editor/Data/MonoBleedingEdge/lib/mono/unityjit-win32'
Mono config path = 'C:/Program Files/Unity 2022.3.21f1/Editor/Data/MonoBleedingEdge/etc'
Using monoOptions --debugger-agent=transport=dt_socket,embedding=1,server=y,suspend=n,address=127.0.0.1:56416
Begin MonoManager ReloadAssembly
Registering precompiled unity dll's ...
Register platform support module: C:/Program Files/Unity 2022.3.21f1/Editor/Data/PlaybackEngines/AndroidPlayer/UnityEditor.Android.Extensions.dll
Register platform support module: C:/Program Files/Unity 2022.3.21f1/Editor/Data/PlaybackEngines/WindowsStandaloneSupport/UnityEditor.WindowsStandalone.Extensions.dll
Registered in 0.004015 seconds.
- Loaded All Assemblies, in  0.296 seconds
Native extension for WindowsStandalone target not found
Native extension for Android target not found
Mono: successfully reloaded assembly
- Finished resetting the current domain, in  0.275 seconds
Domain Reload Profiling: 570ms
	BeginReloadAssembly (99ms)
		ExecutionOrderSort (0ms)
		DisableScriptedObjects (0ms)
		BackupInstance (0ms)
		ReleaseScriptingObjects (0ms)
		CreateAndSetChildDomain (1ms)
	RebuildCommonClasses (26ms)
	RebuildNativeTypeToScriptingClass (8ms)
	initialDomainReloadingComplete (41ms)
	LoadAllAssembliesAndSetupDomain (121ms)
		LoadAssemblies (98ms)
		RebuildTransferFunctionScriptingTraits (0ms)
		AnalyzeDomain (120ms)
			TypeCache.Refresh (118ms)
				TypeCache.ScanAssembly (108ms)
			ScanForSourceGeneratedMonoScriptInfo (0ms)
			ResolveRequiredComponents (1ms)
	FinalizeReload (275ms)
		ReleaseScriptCaches (0ms)
		RebuildScriptCaches (0ms)
		SetupLoadedEditorAssemblies (222ms)
			LogAssemblyErrors (0ms)
			InitializePlatformSupportModulesInManaged (74ms)
			SetLoadedEditorAssemblies (3ms)
			RefreshPlugins (0ms)
			BeforeProcessingInitializeOnLoad (2ms)
			ProcessInitializeOnLoadAttributes (101ms)
			ProcessInitializeOnLoadMethodAttributes (41ms)
			AfterProcessingInitializeOnLoad (0ms)
			EditorAssembliesLoaded (0ms)
		ExecutionOrderSort2 (0ms)
		AwakeInstancesAfterBackupRestoration (0ms)
========================================================================
Worker process is ready to serve import requests
Begin MonoManager ReloadAssembly
- Loaded All Assemblies, in  0.556 seconds
Refreshing native plugins compatible for Editor in 2.33 ms, found 4 plugins.
Native extension for WindowsStandalone target not found
Native extension for Android target not found
Package Manager log level set to [2]
[Package Manager] Server::EnsureServerProcessIsRunning -- launch failed, reason: Unity was launched with the -noUpm command-line argument
[Package Manager] UpmClient::Send -- Unable to send message (not connected to UPM process).
[Package Manager] Cannot connect to Unity Package Manager local server
Mono: successfully reloaded assembly
- Finished resetting the current domain, in  0.505 seconds
Domain Reload Profiling: 1060ms
	BeginReloadAssembly (123ms)
		ExecutionOrderSort (0ms)
		DisableScriptedObjects (4ms)
		BackupInstance (0ms)
		ReleaseScriptingObjects (0ms)
		CreateAndSetChildDomain (17ms)
	RebuildCommonClasses (33ms)
	RebuildNativeTypeToScriptingClass (8ms)
	initialDomainReloadingComplete (33ms)
	LoadAllAssembliesAndSetupDomain (357ms)
		LoadAssemblies (286ms)
		RebuildTransferFunctionScriptingTraits (0ms)
		AnalyzeDomain (147ms)
			TypeCache.Refresh (118ms)
				TypeCache.ScanAssembly (103ms)
			ScanForSourceGeneratedMonoScriptInfo (23ms)
			ResolveRequiredComponents (5ms)
	FinalizeReload (506ms)
		ReleaseScriptCaches (0ms)
		RebuildScriptCaches (0ms)
		SetupLoadedEditorAssemblies (367ms)
			LogAssemblyErrors (0ms)
			InitializePlatformSupportModulesInManaged (18ms)
			SetLoadedEditorAssemblies (3ms)
			RefreshPlugins (0ms)
			BeforeProcessingInitializeOnLoad (53ms)
			ProcessInitializeOnLoadAttributes (259ms)
			ProcessInitializeOnLoadMethodAttributes (30ms)
			AfterProcessingInitializeOnLoad (3ms)
			EditorAssembliesLoaded (0ms)
		ExecutionOrderSort2 (0ms)
		AwakeInstancesAfterBackupRestoration (5ms)
Launched and connected shader compiler UnityShaderCompiler.exe after 0.03 seconds
Refreshing native plugins compatible for Editor in 4.02 ms, found 4 plugins.
Preloading 0 native plugins for Editor in 0.00 ms.
Unloading 4040 Unused Serialized files (Serialized files now loaded: 0)
Unloading 70 unused Assets / (244.7 KB). Loaded Objects now: 4499.
Memory consumption went from 149.0 MB to 148.8 MB.
Total: 2.920400 ms (FindLiveObjects: 0.199200 ms CreateObjectMapping: 0.108100 ms MarkObjects: 2.294700 ms  DeleteObjects: 0.317400 ms)

AssetImportParameters requested are different than current active one (requested -> active):
  custom:container-demuxer-ogg: 62fdf1f143b41e24485cea50d1cbac27 -> 
  custom:video-decoder-ogg-theora: a1e56fd34408186e4bbccfd4996cb3dc -> 
  custom:framework-win-MediaFoundation: 216162199b28c13a410421893ffa2e32 -> 
  custom:CustomObjectIndexerAttribute: 9a22284fe3817be447336de3de66b15e -> 
  custom:container-demuxer-webm: 4f35f7cbe854078d1ac9338744f61a02 -> 
  custom:container-muxer-webm: aa71ff27fc2769a1b78a27578f13a17b -> 
  custom:video-decoder-webm-vp8: 9c59270c3fd7afecdb556c50c9e8de78 -> 
  custom:SearchIndexIgnoredProperties: e643bd26f0fe6173181afceb89e7c659 -> 
  custom:AudioImporter_EditorPlatform: d09bf68614088b80899f8185d706f6e7 -> 
  custom:video-encoder-webm-vp8: eb34c28f22e8b96e1ab97ce403110664 -> 
  custom:audio-decoder-ogg-vorbis: bf7c407c2cedff20999df2af8eb42d56 -> 
  custom:audio-encoder-webm-vorbis: bf7c407c2cedff20999df2af8eb42d56 -> 
========================================================================
Received Import Request.
  Time since last request: 23328.530224 seconds.
  path: Assets/Scenes/SampleScene.unity
  artifactKey: Guid(2cda990e2423bbf4892e6590ba056729) Importer(815301076,1909f56bfc062723c751e8b465ee728b)
Start importing Assets/Scenes/SampleScene.unity using Guid(2cda990e2423bbf4892e6590ba056729) Importer(815301076,1909f56bfc062723c751e8b465ee728b)  -> (artifact id: '6a67c86aa2f0b8e68e9894b9cc26ac8d') in 0.001952 seconds
Number of updated asset objects reloaded before import = 0
Number of asset objects unloaded after import = 0
========================================================================
Received Import Request.
  Time since last request: 15.073372 seconds.
  path: Assets/Scenes/Play Scenes.unity
  artifactKey: Guid(2cda990e2423bbf4892e6590ba056729) Importer(815301076,1909f56bfc062723c751e8b465ee728b)
Start importing Assets/Scenes/Play Scenes.unity using Guid(2cda990e2423bbf4892e6590ba056729) Importer(815301076,1909f56bfc062723c751e8b465ee728b)  -> (artifact id: '86a1562034fb2906d7bd06ddd7875bd4') in 0.000742 seconds
Number of updated asset objects reloaded before import = 0
Number of asset objects unloaded after import = 0
========================================================================
Received Import Request.
  Time since last request: 7.817582 seconds.
  path: Assets/Scenes/Play Scene.unity
  artifactKey: Guid(2cda990e2423bbf4892e6590ba056729) Importer(815301076,1909f56bfc062723c751e8b465ee728b)
Start importing Assets/Scenes/Play Scene.unity using Guid(2cda990e2423bbf4892e6590ba056729) Importer(815301076,1909f56bfc062723c751e8b465ee728b)  -> (artifact id: '84393b2deb43193310511e0fc861f430') in 0.000456 seconds
Number of updated asset objects reloaded before import = 0
Number of asset objects unloaded after import = 0
========================================================================
Received Import Request.
  Time since last request: 56.487098 seconds.
  path: Assets/Scenes/Intro.unity
  artifactKey: Guid(bf183db83ad466845ba63658acf12b77) Importer(815301076,1909f56bfc062723c751e8b465ee728b)
Start importing Assets/Scenes/Intro.unity using Guid(bf183db83ad466845ba63658acf12b77) Importer(815301076,1909f56bfc062723c751e8b465ee728b)  -> (artifact id: '95eab30cf2be2e2c93c3cdeb36a5f102') in 0.000489 seconds
Number of updated asset objects reloaded before import = 0
Number of asset objects unloaded after import = 0
========================================================================
Received Import Request.
  Time since last request: 15.776929 seconds.
  path: Assets/Scenes/Game UI.unity
  artifactKey: Guid(bf183db83ad466845ba63658acf12b77) Importer(815301076,1909f56bfc062723c751e8b465ee728b)
Start importing Assets/Scenes/Game UI.unity using Guid(bf183db83ad466845ba63658acf12b77) Importer(815301076,1909f56bfc062723c751e8b465ee728b)  -> (artifact id: '4dd8bb8c9ca4e09e414d47fadc691169') in 0.000385 seconds
Number of updated asset objects reloaded before import = 0
Number of asset objects unloaded after import = 0
========================================================================
Received Import Request.
  Time since last request: 429.009897 seconds.
  path: Assets/Flappy2D.unity
  artifactKey: Guid(164dbd1f1c5263848a78ae7e94df0a60) Importer(2089858483,0ecaa5967403d082aa24f35e1b516d23)
Start importing Assets/Flappy2D.unity using Guid(164dbd1f1c5263848a78ae7e94df0a60) Importer(2089858483,0ecaa5967403d082aa24f35e1b516d23)  -> (artifact id: '6085846067c2ea9cff6964e6cfbb3907') in 0.082843 seconds
Number of updated asset objects reloaded before import = 0
Number of asset objects unloaded after import = 1
========================================================================
Received Import Request.
  Time since last request: 0.000023 seconds.
  path: Assets/Flapppy Bird Starter Files/spawnbar.cs
  artifactKey: Guid(88474cfa6bd2b4f4389916f37502e2b1) Importer(2089858483,0ecaa5967403d082aa24f35e1b516d23)
Start importing Assets/Flapppy Bird Starter Files/spawnbar.cs using Guid(88474cfa6bd2b4f4389916f37502e2b1) Importer(2089858483,0ecaa5967403d082aa24f35e1b516d23)  -> (artifact id: '70ceefb46aceeb28bdaac33790db2a6c') in 0.030224 seconds
Number of updated asset objects reloaded before import = 0
Number of asset objects unloaded after import = 1
========================================================================
Received Import Request.
  Time since last request: 0.000033 seconds.
  path: Assets/Flapppy Bird Starter Files/groundmove.anim
  artifactKey: Guid(bfe59f7d54a7ab24e9aee0968366d1db) Importer(2089858483,0ecaa5967403d082aa24f35e1b516d23)
Start importing Assets/Flapppy Bird Starter Files/groundmove.anim using Guid(bfe59f7d54a7ab24e9aee0968366d1db) Importer(2089858483,0ecaa5967403d082aa24f35e1b516d23)  -> (artifact id: 'ce4561b27327a346ea1c1fd2cd87fa3b') in 0.021449 seconds
Number of updated asset objects reloaded before import = 0
Number of asset objects unloaded after import = 1
========================================================================
Received Import Request.
  Time since last request: 0.000019 seconds.
  path: Assets/Flapppy Bird Starter Files/crash3.wav
  artifactKey: Guid(1a52bf7c7330b8540a6035756250c0bf) Importer(2089858483,0ecaa5967403d082aa24f35e1b516d23)
Start importing Assets/Flapppy Bird Starter Files/crash3.wav using Guid(1a52bf7c7330b8540a6035756250c0bf) Importer(2089858483,0ecaa5967403d082aa24f35e1b516d23)  -> (artifact id: '68dbb547ee8006b2a9a973b58cec9714') in 0.033848 seconds
Number of updated asset objects reloaded before import = 0
Number of asset objects unloaded after import = 1
========================================================================
Received Import Request.
  Time since last request: 0.000017 seconds.
  path: Assets/Flapppy Bird Starter Files/ParentPipe.prefab
  artifactKey: Guid(e5fbd11fecd65de40b8dc4d51298265c) Importer(2089858483,0ecaa5967403d082aa24f35e1b516d23)
Start importing Assets/Flapppy Bird Starter Files/ParentPipe.prefab using Guid(e5fbd11fecd65de40b8dc4d51298265c) Importer(2089858483,0ecaa5967403d082aa24f35e1b516d23)  -> (artifact id: '2332e099284c5e2ceac8746d7efaf69e') in 0.025759 seconds
Number of updated asset objects reloaded before import = 0
Number of asset objects unloaded after import = 19
========================================================================
Received Import Request.
  Time since last request: 0.000023 seconds.
  path: Assets/Flapppy Bird Starter Files/score.cs
  artifactKey: Guid(ebcdc9023dfc360429e9d00d287e6dc9) Importer(2089858483,0ecaa5967403d082aa24f35e1b516d23)
Start importing Assets/Flapppy Bird Starter Files/score.cs using Guid(ebcdc9023dfc360429e9d00d287e6dc9) Importer(2089858483,0ecaa5967403d082aa24f35e1b516d23)  -> (artifact id: 'f6e0dda569c5a8d0d6a461853d631a39') in 0.010996 seconds
Number of updated asset objects reloaded before import = 0
Number of asset objects unloaded after import = 1
========================================================================
Received Import Request.
  Time since last request: 0.000017 seconds.
  path: Assets/Flapppy Bird Starter Files/gamemanager.cs
  artifactKey: Guid(6ae62114dd99f5448922788e08364831) Importer(2089858483,0ecaa5967403d082aa24f35e1b516d23)
Start importing Assets/Flapppy Bird Starter Files/gamemanager.cs using Guid(6ae62114dd99f5448922788e08364831) Importer(2089858483,0ecaa5967403d082aa24f35e1b516d23)  -> (artifact id: '63be8e52357aef0fb69c78071f55ef79') in 0.009131 seconds
Number of updated asset objects reloaded before import = 0
Number of asset objects unloaded after import = 1
========================================================================
Received Import Request.
  Time since last request: 0.000017 seconds.
  path: Assets/Flapppy Bird Starter Files/Ground.controller
  artifactKey: Guid(0ec4515cfc477fe46ba9d25c6d79070b) Importer(2089858483,0ecaa5967403d082aa24f35e1b516d23)
Start importing Assets/Flapppy Bird Starter Files/Ground.controller using Guid(0ec4515cfc477fe46ba9d25c6d79070b) Importer(2089858483,0ecaa5967403d082aa24f35e1b516d23)  -> (artifact id: '51a9ac978e5973cd314d2677c88adca0') in 0.015109 seconds
Number of updated asset objects reloaded before import = 0
Number of asset objects unloaded after import = 6
========================================================================
Received Import Request.
  Time since last request: 0.000024 seconds.
  path: Assets/Flapppy Bird Starter Files/flappy_bird_sound.mp3
  artifactKey: Guid(e72a3ad7403ad8d48ad52a0fac78a444) Importer(2089858483,0ecaa5967403d082aa24f35e1b516d23)
Start importing Assets/Flapppy Bird Starter Files/flappy_bird_sound.mp3 using Guid(e72a3ad7403ad8d48ad52a0fac78a444) Importer(2089858483,0ecaa5967403d082aa24f35e1b516d23)  -> (artifact id: 'd2d1489ff887601b77167541b31b8fc1') in 0.034812 seconds
Number of updated asset objects reloaded before import = 0
Number of asset objects unloaded after import = 1
========================================================================
Received Import Request.
  Time since last request: 0.000015 seconds.
  path: Assets/Flapppy Bird Starter Files/Bird.controller
  artifactKey: Guid(7aaa8f8d2154d4b45b0b62bba7380234) Importer(2089858483,0ecaa5967403d082aa24f35e1b516d23)
Start importing Assets/Flapppy Bird Starter Files/Bird.controller using Guid(7aaa8f8d2154d4b45b0b62bba7380234) Importer(2089858483,0ecaa5967403d082aa24f35e1b516d23)  -> (artifact id: '35b9d70e9e6125f64341f9fc72d05eb7') in 0.008338 seconds
Number of updated asset objects reloaded before import = 0
Number of asset objects unloaded after import = 4
========================================================================
Received Import Request.
  Time since last request: 0.000016 seconds.
  path: Assets/Flapppy Bird Starter Files/flymach.cs
  artifactKey: Guid(ac67fbcb43cdac0438dbc6dda3ed55c6) Importer(2089858483,0ecaa5967403d082aa24f35e1b516d23)
Start importing Assets/Flapppy Bird Starter Files/flymach.cs using Guid(ac67fbcb43cdac0438dbc6dda3ed55c6) Importer(2089858483,0ecaa5967403d082aa24f35e1b516d23)  -> (artifact id: '40708900e3683a5afe3b31fb30263c47') in 0.010394 seconds
Number of updated asset objects reloaded before import = 0
Number of asset objects unloaded after import = 1
Editor requested this worker to shutdown with reason: Scaling down because of idle timeout
TcpMessagingSession - receive error: operation aborted. errorcode: 995, details: The I/O operation has been aborted because of either a thread exit or an application request.
AssetImportWorker is now disconnected from the server
Process exiting
Exiting without the bug reporter. Application will terminate with return code 0